TpTrace Verbose: 0 : 1100, 1, 2023/05/12, 00:10:53.101, 235639521149, datacollector.dll, Version: 17.5.0-release-20221220-01
TpTrace Information: 0 : 1100, 1, 2023/05/12, 00:10:53.108, 235639597088, datacollector.dll, DataCollectorMain.Run: Starting data collector run with args: --port,65467,--parentprocessid,14188,--diag,D:\Design_patterns\Singleton\Singleton\Singleton\bin\Debug\net6.0\fine-code-coverage\coverage-tool-output\diagnostics.datacollector.23-05-12_00-10-52_92322_1.log,--tracelevel,4
TpTrace Information: 0 : 1100, 1, 2023/05/12, 00:10:53.108, 235639599302, datacollector.dll, DataCollector: Monitoring parent process with id: '14188'
TpTrace Information: 0 : 1100, 1, 2023/05/12, 00:10:53.120, 235639712107, datacollector.dll, Trying to connect to server on socket : 127.0.0.1:65467 
TpTrace Verbose: 0 : 1100, 1, 2023/05/12, 00:10:53.134, 235639854558, datacollector.dll, SocketCommunicationManager : SetupClientAsync : Attempting to connect to the server.
TpTrace Information: 0 : 1100, 6, 2023/05/12, 00:10:53.152, 235640035051, datacollector.dll, Connected to the server successfully 
TpTrace Information: 0 : 1100, 6, 2023/05/12, 00:10:53.152, 235640036776, datacollector.dll, Using the buffer size of 16384 bytes
TpTrace Information: 0 : 1100, 1, 2023/05/12, 00:10:53.278, 235641296785, datacollector.dll, DataCollector: Start Request Processing.
TpTrace Verbose: 0 : 1100, 1, 2023/05/12, 00:10:53.279, 235641300070, datacollector.dll, SocketCommunicationManager.WaitForServerConnection took: 0 ms, with 90000 ms timeout, and finished with True.
TpTrace Information: 0 : 1100, 1, 2023/05/12, 00:10:53.279, 235641304380, datacollector.dll, DataCollectionRequestHandler.ProcessRequests: Datacollector received message: (DataCollection.BeforeTestRunStart) -> {"MessageType":"DataCollection.BeforeTestRunStart","Payload":{"SettingsXml":"<RunSettings><RunConfiguration><ResultsDirectory>D:\\Design_patterns\\Singleton\\Singleton\\Singleton\\bin\\Debug\\net6.0\\fine-code-coverage\\coverage-tool-output</ResultsDirectory><TargetPlatform>X64</TargetPlatform><TargetFrameworkVersion>.NETCoreApp,Version=v6.0</TargetFrameworkVersion><DesignMode>False</DesignMode><CollectSourceInformation>False</CollectSourceInformation><TestAdaptersPaths>C:\\Program Files\\dotnet\\sdk\\7.0.203\\Extensions</TestAdaptersPaths></RunConfiguration><LoggerRunSettings><Loggers><Logger friendlyName=\"blame\" enabled=\"True\" /><Logger friendlyName=\"Console\" uri=\"logger://microsoft/TestPlatform/ConsoleLogger/v1\" assemblyQualifiedName=\"Microsoft.VisualStudio.TestPlatform.CommandLine.Internal.ConsoleLogger, vstest.console, Version=15.0.0.0, Culture=neutral, PublicKeyToken=b03f5f7f11d50a3a\" codeBase=\"C:\\Program Files\\dotnet\\sdk\\7.0.203\\vstest.console.dll\" enabled=\"True\" /></Loggers></LoggerRunSettings><DataCollectionRunSettings><DataCollectors><DataCollector friendlyName=\"blame\" enabled=\"True\"><Configuration><ResultsDirectory>D:\\Design_patterns\\Singleton\\Singleton\\Singleton\\bin\\Debug\\net6.0\\fine-code-coverage\\coverage-tool-output</ResultsDirectory></Configuration></DataCollector></DataCollectors></DataCollectionRunSettings></RunSettings>","Sources":["D:\\Design_patterns\\Singleton\\Singleton\\Singleton\\bin\\Debug\\net6.0\\fine-code-coverage\\build-output\\Singleton.dll"],"IsTelemetryOptedIn":false}}
TpTrace Verbose: 0 : 1100, 1, 2023/05/12, 00:10:53.333, 235641848828, datacollector.dll, TestPluginCache: Update extensions started. Skip filter = False
TpTrace Verbose: 0 : 1100, 1, 2023/05/12, 00:10:53.335, 235641861610, datacollector.dll, TestPluginCache: Using directories for assembly resolution 'C:\Program Files\dotnet\sdk\7.0.203\Extensions'.
TpTrace Verbose: 0 : 1100, 1, 2023/05/12, 00:10:53.335, 235641863374, datacollector.dll, TestPluginCache: Updated the available extensions to 'C:\Program Files\dotnet\sdk\7.0.203\Extensions\Microsoft.TestPlatform.Extensions.BlameDataCollector.dll,C:\Program Files\dotnet\sdk\7.0.203\Extensions\Microsoft.TestPlatform.Extensions.EventLogCollector.dll'.
TpTrace Verbose: 0 : 1100, 1, 2023/05/12, 00:10:53.342, 235641935441, datacollector.dll, TestPluginCache.DiscoverTestExtensions: finding test extensions in assemblies ends with: Collector.dll TPluginInfo: Microsoft.VisualStudio.TestPlatform.Common.DataCollector.DataCollectorConfig TExtension: Microsoft.VisualStudio.TestPlatform.ObjectModel.DataCollection.DataCollector
TpTrace Verbose: 0 : 1100, 1, 2023/05/12, 00:10:53.343, 235641949905, datacollector.dll, TestPluginCache.GetExtensionPaths: Filtered extension paths: C:\Program Files\dotnet\sdk\7.0.203\Extensions\Microsoft.TestPlatform.Extensions.BlameDataCollector.dll
C:\Program Files\dotnet\sdk\7.0.203\Extensions\Microsoft.TestPlatform.Extensions.EventLogCollector.dll
TpTrace Verbose: 0 : 1100, 1, 2023/05/12, 00:10:53.344, 235641951043, datacollector.dll, TestPluginCache.GetExtensionPaths: Added default extension paths: 
TpTrace Verbose: 0 : 1100, 1, 2023/05/12, 00:10:53.344, 235641951485, datacollector.dll, TestPluginCache.GetExtensionPaths: Added unfilterableExtensionPaths: 
TpTrace Information: 0 : 1100, 1, 2023/05/12, 00:10:53.344, 235641958833, datacollector.dll, AssemblyResolver.ctor: Creating AssemblyResolver with searchDirectories C:\Program Files\dotnet\sdk\7.0.203\Extensions,C:\Program Files\dotnet\sdk\7.0.203
TpTrace Verbose: 0 : 1100, 1, 2023/05/12, 00:10:53.346, 235641973477, datacollector.dll, TestPluginCache.DiscoverTestExtensions: Discovering the extensions using extension path.
TpTrace Verbose: 0 : 1100, 1, 2023/05/12, 00:10:53.346, 235641975680, datacollector.dll, TestPluginCache.GetExtensionPaths: Filtered extension paths: C:\Program Files\dotnet\sdk\7.0.203\Extensions\Microsoft.TestPlatform.Extensions.BlameDataCollector.dll
C:\Program Files\dotnet\sdk\7.0.203\Extensions\Microsoft.TestPlatform.Extensions.EventLogCollector.dll
TpTrace Verbose: 0 : 1100, 1, 2023/05/12, 00:10:53.346, 235641976234, datacollector.dll, TestPluginCache.GetExtensionPaths: Added default extension paths: 
TpTrace Verbose: 0 : 1100, 1, 2023/05/12, 00:10:53.346, 235641976556, datacollector.dll, TestPluginCache.GetExtensionPaths: Added unfilterableExtensionPaths: 
TpTrace Verbose: 0 : 1100, 1, 2023/05/12, 00:10:53.346, 235641977171, datacollector.dll, TestPluginCache.DiscoverTestExtensions: Discovering the extensions using allExtensionPaths: C:\Program Files\dotnet\sdk\7.0.203\Extensions\Microsoft.TestPlatform.Extensions.BlameDataCollector.dll
C:\Program Files\dotnet\sdk\7.0.203\Extensions\Microsoft.TestPlatform.Extensions.EventLogCollector.dll
TpTrace Information: 0 : 1100, 1, 2023/05/12, 00:10:53.346, 235641979012, datacollector.dll, AssemblyResolver.AddSearchDirectories: Adding more searchDirectories C:\Program Files\dotnet\sdk\7.0.203\Extensions,C:\Program Files\dotnet\sdk\7.0.203
TpTrace Information: 0 : 1100, 1, 2023/05/12, 00:10:53.347, 235641979946, datacollector.dll, AssemblyResolver.AddSearchDirectories: Adding more searchDirectories C:\Program Files\dotnet\sdk\7.0.203\Extensions,C:\Program Files\dotnet\sdk\7.0.203
TpTrace Information: 0 : 1100, 1, 2023/05/12, 00:10:53.347, 235641984881, datacollector.dll, AssemblyResolver.OnResolve: Microsoft.TestPlatform.Extensions.BlameDataCollector: Resolving assembly.
TpTrace Information: 0 : 1100, 1, 2023/05/12, 00:10:53.347, 235641985964, datacollector.dll, AssemblyResolver.OnResolve: Microsoft.TestPlatform.Extensions.BlameDataCollector: Searching in: 'C:\Program Files\dotnet\sdk\7.0.203\Extensions'.
TpTrace Information: 0 : 1100, 1, 2023/05/12, 00:10:53.359, 235642102415, datacollector.dll, AssemblyResolver.OnResolve: Microsoft.TestPlatform.Extensions.BlameDataCollector: Loading assembly 'C:\Program Files\dotnet\sdk\7.0.203\Extensions\Microsoft.TestPlatform.Extensions.BlameDataCollector.dll'.
TpTrace Information: 0 : 1100, 1, 2023/05/12, 00:10:53.360, 235642112977, datacollector.dll, AssemblyResolver.OnResolve: Resolved assembly: Microsoft.TestPlatform.Extensions.BlameDataCollector, from path: C:\Program Files\dotnet\sdk\7.0.203\Extensions\Microsoft.TestPlatform.Extensions.BlameDataCollector.dll
TpTrace Verbose: 0 : 1100, 1, 2023/05/12, 00:10:53.361, 235642124517, datacollector.dll, MetadataReaderExtensionsHelper: Discovering extensions inside assembly 'Microsoft.TestPlatform.Extensions.BlameDataCollector, Version=15.0.0.0, Culture=neutral, PublicKeyToken=b03f5f7f11d50a3a' file path 'C:\Program Files\dotnet\sdk\7.0.203\Extensions\Microsoft.TestPlatform.Extensions.BlameDataCollector.dll'
TpTrace Error: 0 : 1100, 1, 2023/05/12, 00:10:53.365, 235642160601, datacollector.dll, The type "Microsoft.TestPlatform.Extensions.BlameDataCollector.BlameCollector" defined in "Microsoft.TestPlatform.Extensions.BlameDataCollector.dll" does not have ExtensionUri attribute.
TpTrace Information: 0 : 1100, 1, 2023/05/12, 00:10:53.366, 235642171235, datacollector.dll, GetTestExtensionFromType: Register extension with identifier data 'datacollector://microsoft/TestPlatform/Extensions/Blame/v1' and type 'Microsoft.TestPlatform.Extensions.BlameDataCollector.BlameCollector, Microsoft.TestPlatform.Extensions.BlameDataCollector, Version=15.0.0.0, Culture=neutral, PublicKeyToken=b03f5f7f11d50a3a' inside file 'C:\Program Files\dotnet\sdk\7.0.203\Extensions\Microsoft.TestPlatform.Extensions.BlameDataCollector.dll'
TpTrace Information: 0 : 1100, 1, 2023/05/12, 00:10:53.366, 235642172808, datacollector.dll, AssemblyResolver.OnResolve: Microsoft.TestPlatform.Extensions.EventLogCollector: Resolving assembly.
TpTrace Information: 0 : 1100, 1, 2023/05/12, 00:10:53.366, 235642173417, datacollector.dll, AssemblyResolver.OnResolve: Microsoft.TestPlatform.Extensions.EventLogCollector: Searching in: 'C:\Program Files\dotnet\sdk\7.0.203\Extensions'.
TpTrace Information: 0 : 1100, 1, 2023/05/12, 00:10:53.367, 235642186262, datacollector.dll, AssemblyResolver.OnResolve: Microsoft.TestPlatform.Extensions.EventLogCollector: Loading assembly 'C:\Program Files\dotnet\sdk\7.0.203\Extensions\Microsoft.TestPlatform.Extensions.EventLogCollector.dll'.
TpTrace Information: 0 : 1100, 1, 2023/05/12, 00:10:53.368, 235642195155, datacollector.dll, AssemblyResolver.OnResolve: Resolved assembly: Microsoft.TestPlatform.Extensions.EventLogCollector, from path: C:\Program Files\dotnet\sdk\7.0.203\Extensions\Microsoft.TestPlatform.Extensions.EventLogCollector.dll
TpTrace Verbose: 0 : 1100, 1, 2023/05/12, 00:10:53.368, 235642196970, datacollector.dll, MetadataReaderExtensionsHelper: Discovering extensions inside assembly 'Microsoft.TestPlatform.Extensions.EventLogCollector, Version=15.0.0.0, Culture=neutral, PublicKeyToken=b03f5f7f11d50a3a' file path 'C:\Program Files\dotnet\sdk\7.0.203\Extensions\Microsoft.TestPlatform.Extensions.EventLogCollector.dll'
TpTrace Error: 0 : 1100, 1, 2023/05/12, 00:10:53.373, 235642241483, datacollector.dll, The type "Microsoft.TestPlatform.Extensions.EventLogCollector.EventLogDataCollector" defined in "Microsoft.TestPlatform.Extensions.EventLogCollector.dll" does not have ExtensionUri attribute.
TpTrace Information: 0 : 1100, 1, 2023/05/12, 00:10:53.373, 235642244287, datacollector.dll, GetTestExtensionFromType: Register extension with identifier data 'datacollector://microsoft/EventLog/2.0' and type 'Microsoft.TestPlatform.Extensions.EventLogCollector.EventLogDataCollector, Microsoft.TestPlatform.Extensions.EventLogCollector, Version=15.0.0.0, Culture=neutral, PublicKeyToken=b03f5f7f11d50a3a' inside file 'C:\Program Files\dotnet\sdk\7.0.203\Extensions\Microsoft.TestPlatform.Extensions.EventLogCollector.dll'
TpTrace Verbose: 0 : 1100, 1, 2023/05/12, 00:10:53.373, 235642248578, datacollector.dll, TestPluginCache: Discovered the extensions using extension path 'C:\Program Files\dotnet\sdk\7.0.203\Extensions\Microsoft.TestPlatform.Extensions.BlameDataCollector.dll,C:\Program Files\dotnet\sdk\7.0.203\Extensions\Microsoft.TestPlatform.Extensions.EventLogCollector.dll'.
TpTrace Verbose: 0 : 1100, 1, 2023/05/12, 00:10:53.373, 235642249552, datacollector.dll, TestPluginCache: Discoverers are ''.
TpTrace Verbose: 0 : 1100, 1, 2023/05/12, 00:10:53.374, 235642250130, datacollector.dll, TestPluginCache: Executors are ''.
TpTrace Verbose: 0 : 1100, 1, 2023/05/12, 00:10:53.374, 235642250626, datacollector.dll, TestPluginCache: Executors2 are ''.
TpTrace Verbose: 0 : 1100, 1, 2023/05/12, 00:10:53.374, 235642251779, datacollector.dll, TestPluginCache: Setting providers are ''.
TpTrace Verbose: 0 : 1100, 1, 2023/05/12, 00:10:53.374, 235642252394, datacollector.dll, TestPluginCache: Loggers are ''.
TpTrace Verbose: 0 : 1100, 1, 2023/05/12, 00:10:53.374, 235642252892, datacollector.dll, TestPluginCache: TestHosts are ''.
TpTrace Verbose: 0 : 1100, 1, 2023/05/12, 00:10:53.374, 235642256097, datacollector.dll, TestPluginCache: DataCollectors are 'datacollector://microsoft/TestPlatform/Extensions/Blame/v1,datacollector://microsoft/EventLog/2.0'.
TpTrace Information: 0 : 1100, 1, 2023/05/12, 00:10:53.376, 235642279897, datacollector.dll, TestPluginManager.CreateTestExtension: Attempting to load test extension: Microsoft.TestPlatform.Extensions.BlameDataCollector.BlameCollector
TpTrace Information: 0 : 1100, 1, 2023/05/12, 00:10:53.382, 235642331451, datacollector.dll, [MonitorPostmortemDump]Monitor enabled: 'False'
TpTrace Verbose: 0 : 1100, 1, 2023/05/12, 00:10:53.383, 235642343578, datacollector.dll, MulticastDelegateUtilities.SafeInvoke: DataCollectionEvents.SessionStart: Invoking callbacks was skipped because there are no subscribers.
TpTrace Information: 0 : 1100, 1, 2023/05/12, 00:10:53.384, 235642350099, datacollector.dll, Listening on Endpoint : 127.0.0.1:65469
TpTrace Information: 0 : 1100, 1, 2023/05/12, 00:10:53.393, 235642442954, datacollector.dll, DataCollectionRequestHandler.ProcessRequests : DataCollection started.
TpTrace Information: 0 : 1100, 1, 2023/05/12, 00:10:53.416, 235642675408, datacollector.dll, DataCollectionRequestHandler.ProcessRequests: Datacollector received message: (DataCollection.TestHostLaunched) -> {"MessageType":"DataCollection.TestHostLaunched","Payload":{"ProcessId":17044}}
TpTrace Verbose: 0 : 1100, 1, 2023/05/12, 00:10:53.419, 235642702483, datacollector.dll, MulticastDelegateUtilities.SafeInvoke: DataCollectionEvents.TestHostLaunched: Invoking callback 1/1 for Microsoft.TestPlatform.Extensions.BlameDataCollector.BlameCollector., took 0 ms.
TpTrace Information: 0 : 1100, 9, 2023/05/12, 00:10:53.605, 235644565450, datacollector.dll, Using the buffer size of 16384 bytes
TpTrace Verbose: 0 : 1100, 7, 2023/05/12, 00:10:53.605, 235644565558, datacollector.dll, SocketCommunicationManager.WaitForClientConnection took: 217 ms, with 90000 ms timeout, and finished with True.
TpTrace Information: 0 : 1100, 9, 2023/05/12, 00:10:53.605, 235644566823, datacollector.dll, Accepted Client request and set the flag
TpTrace Information: 0 : 1100, 7, 2023/05/12, 00:10:53.998, 235648499456, datacollector.dll, DataCollectionTestCaseEventHandler: Test session ended
TpTrace Information: 0 : 1100, 1, 2023/05/12, 00:10:54.053, 235649048910, datacollector.dll, DataCollectionRequestHandler.ProcessRequests: Datacollector received message: (DataCollection.AfterTestRunEnd) -> {"MessageType":"DataCollection.AfterTestRunEnd","Payload":false}
TpTrace Information: 0 : 1100, 1, 2023/05/12, 00:10:54.055, 235649060348, datacollector.dll, Blame Collector: Session End
TpTrace Information: 0 : 1100, 1, 2023/05/12, 00:10:54.055, 235649061179, datacollector.dll, BlameCollector.CollectDumpAndAbortTesthost: Custom path to dump directory was provided via VSTEST_DUMP_PATH. Skipping attachment upload, the caller is responsible for collecting and uploading the dumps themselves.
TpTrace Verbose: 0 : 1100, 1, 2023/05/12, 00:10:54.055, 235649061966, datacollector.dll, MulticastDelegateUtilities.SafeInvoke: DataCollectionEvents.SessionEnd: Invoking callback 1/1 for Microsoft.TestPlatform.Extensions.BlameDataCollector.BlameCollector., took 0 ms.
TpTrace Information: 0 : 1100, 1, 2023/05/12, 00:10:54.056, 235649070067, datacollector.dll, DataCollectionManager.CleanupPlugins: CleanupPlugins called
TpTrace Verbose: 0 : 1100, 1, 2023/05/12, 00:10:54.056, 235649070705, datacollector.dll, DataCollectionManager.CleanupPlugins: Cleaning up 1 plugins
TpTrace Verbose: 0 : 1100, 1, 2023/05/12, 00:10:54.056, 235649072614, datacollector.dll, dataCollectorInfo.DisposeDataCollector: calling Dispose() on Microsoft.TestPlatform.Extensions.BlameDataCollector.BlameCollector
TpTrace Information: 0 : 1100, 1, 2023/05/12, 00:10:54.056, 235649073437, datacollector.dll, DataCollectionManager.CleanupPlugins: CleanupPlugins finished
TpTrace Information: 0 : 1100, 1, 2023/05/12, 00:10:54.066, 235649173512, datacollector.dll, DataCollectionRequestHandler.ProcessRequests : Session End message received from server. Closing the connection.
TpTrace Information: 0 : 1100, 1, 2023/05/12, 00:10:54.066, 235649176426, datacollector.dll, Closing the connection !
TpTrace Information: 0 : 1100, 1, 2023/05/12, 00:10:54.066, 235649177002, datacollector.dll, DataCollectionRequestHandler.ProcessRequests : DataCollection completed
TpTrace Information: 0 : 1100, 1, 2023/05/12, 00:10:54.066, 235649177523, datacollector.dll, Program.Main: exiting datacollector process.
